<?xml version="1.0" encoding="UTF-8"?>
<!-- Generated by org.testng.reporters.JUnitReportReporter -->
<testsuite skipped="0" hostname="CAPHYD-LAP-060" name="caf.Execution.Exec" tests="1" failures="0" timestamp="03 Jan 2018 05:54:52 GMT" time="194.834" errors="0">
  <testcase name="execute" time="194.834" classname="caf.Execution.Exec"/>
</testsuite> <!-- caf.Execution.Exec -->
