<?xml version="1.0" encoding="UTF-8"?>
<!-- Generated by org.testng.reporters.JUnitReportReporter -->
<testsuite skipped="0" hostname="CAPHYD-LAP-060" name="caf.Suites.Lulu.P0_Testcases" tests="1" failures="0" timestamp="03 Jan 2018 05:54:52 GMT" time="115.450" errors="0">
  <testcase name="Signup" time="115.450" classname="caf.Suites.Lulu.P0_Testcases"/>
</testsuite> <!-- caf.Suites.Lulu.P0_Testcases -->
